Build started 6/19/2011 4:19:20 PM.
     1>Project "F:\Lectures\TR4\Computer Graphic\project\ComputerGraphic2-\ComputerGraphic2\ComputerGraphic2.vcxproj" on node 2 (build target(s)).
     1>InitializeBuildStatus:
         Creating "Debug\ComputerGraphic2.unsuccessfulbuild" because "AlwaysCreate" was specified.
       ClCompile:
         C:\Program Files\Microsoft Visual Studio 10.0\VC\bin\CL.exe /c /ZI /nologo /W3 /WX- /Od /Oy- /D WIN32 /D _DEBUG /D _CONSOLE /D _UNICODE /D UNICODE /Gm /EHsc /RTC1 /MDd /GS /fp:precise /Zc:wchar_t /Zc:forScope /Fo"Debug\\" /Fd"Debug\vc100.pdb" /Gd /TP /analyze- /errorReport:prompt CGimageloader.cpp CGLabmain.cpp Draw.cpp Satellite.cpp SatelliteMiddleParts.cpp SatelliteBackParts.cpp Skybox.cpp Space.cpp Texture.cpp
         Texture.cpp
         Space.cpp
         Skybox.cpp
         SatelliteBackParts.cpp
         SatelliteMiddleParts.cpp
         Satellite.cpp
         Draw.cpp
         CGLabmain.cpp
         CGimageloader.cpp
     1>f:\lectures\tr4\computer graphic\project\computergraphic2-\computergraphic2\cgimageloader.cpp(165): warning C4996: 'fopen': This function or variable may be unsafe. Consider using fopen_s instead. To disable deprecation, use _CRT_SECURE_NO_WARNINGS. See online help for details.
                 c:\program files\microsoft visual studio 10.0\vc\include\stdio.h(234) : see declaration of 'fopen'
     1>f:\lectures\tr4\computer graphic\project\computergraphic2-\computergraphic2\cgimageloader.cpp(242): warning C4018: '<' : signed/unsigned mismatch
         Generating Code...
       ManifestResourceCompile:
         C:\Program Files\Microsoft SDKs\Windows\v7.0A\bin\rc.exe /nologo /fo"Debug\ComputerGraphic2.exe.embed.manifest.res" Debug\ComputerGraphic2_manifest.rc 
       Link:
         C:\Program Files\Microsoft Visual Studio 10.0\VC\bin\link.exe /ERRORREPORT:PROMPT /OUT:"F:\Lectures\TR4\Computer Graphic\project\ComputerGraphic2-\Debug\ComputerGraphic2.exe" /INCREMENTAL /NOLOGO glut32.lib glu32.lib opengl32.lib kernel32.lib user32.lib gdi32.lib winspool.lib comdlg32.lib advapi32.lib shell32.lib ole32.lib oleaut32.lib uuid.lib odbc32.lib odbccp32.lib kernel32.lib user32.lib gdi32.lib winspool.lib comdlg32.lib advapi32.lib shell32.lib ole32.lib oleaut32.lib uuid.lib odbc32.lib odbccp32.lib /MANIFEST /ManifestFile:"Debug\ComputerGraphic2.exe.intermediate.manifest" /MANIFESTUAC:"level='asInvoker' uiAccess='false'" /DEBUG /PDB:"F:\Lectures\TR4\Computer Graphic\project\ComputerGraphic2-\Debug\ComputerGraphic2.pdb" /SUBSYSTEM:CONSOLE /TLBID:1 /DYNAMICBASE /NXCOMPAT /IMPLIB:"F:\Lectures\TR4\Computer Graphic\project\ComputerGraphic2-\Debug\ComputerGraphic2.lib" /MACHINE:X86 Debug\ComputerGraphic2.exe.embed.manifest.res
         Debug\CGimageloader.obj
         Debug\CGLabmain.obj
         Debug\Draw.obj
         Debug\Satellite.obj
         Debug\SatelliteMiddleParts.obj
         Debug\SatelliteBackParts.obj
         Debug\Skybox.obj
         Debug\Space.obj
         Debug\Texture.obj
       Manifest:
         C:\Program Files\Microsoft SDKs\Windows\v7.0A\bin\mt.exe /nologo /verbose /out:"Debug\ComputerGraphic2.exe.embed.manifest" /manifest Debug\ComputerGraphic2.exe.intermediate.manifest
         All outputs are up-to-date.
       LinkEmbedManifest:
         All outputs are up-to-date.
         ComputerGraphic2.vcxproj -> F:\Lectures\TR4\Computer Graphic\project\ComputerGraphic2-\Debug\ComputerGraphic2.exe
       FinalizeBuildStatus:
         Deleting file "Debug\ComputerGraphic2.unsuccessfulbuild".
         Touching "Debug\ComputerGraphic2.lastbuildstate".
     1>Done Building Project "F:\Lectures\TR4\Computer Graphic\project\ComputerGraphic2-\ComputerGraphic2\ComputerGraphic2.vcxproj" (build target(s)).

Build succeeded.

Time Elapsed 00:00:24.10
