C:\USERS\BEHROUZ\DOCUMENTS\VISUAL STUDIO 2010\PROJECTS\COMPUTERGRAPHIC2\COMPUTERGRAPHIC2\DEBUG\CGIMAGELOADER.OBJ
C:\USERS\BEHROUZ\DOCUMENTS\VISUAL STUDIO 2010\PROJECTS\COMPUTERGRAPHIC2\COMPUTERGRAPHIC2\DEBUG\CGLABMAIN.OBJ
C:\Users\Behrouz\Documents\Visual Studio 2010\Projects\ComputerGraphic2\ComputerGraphic2\Debug\cl.command.1.tlog
C:\Users\Behrouz\Documents\Visual Studio 2010\Projects\ComputerGraphic2\ComputerGraphic2\Debug\CL.read.1.tlog
C:\Users\Behrouz\Documents\Visual Studio 2010\Projects\ComputerGraphic2\ComputerGraphic2\Debug\CL.write.1.tlog
C:\USERS\BEHROUZ\DOCUMENTS\VISUAL STUDIO 2010\PROJECTS\COMPUTERGRAPHIC2\COMPUTERGRAPHIC2\DEBUG\COMPUTERGRAPHIC2.EXE.EMBED.MANIFEST
C:\USERS\BEHROUZ\DOCUMENTS\VISUAL STUDIO 2010\PROJECTS\COMPUTERGRAPHIC2\COMPUTERGRAPHIC2\DEBUG\COMPUTERGRAPHIC2.EXE.EMBED.MANIFEST.RES
C:\USERS\BEHROUZ\DOCUMENTS\VISUAL STUDIO 2010\PROJECTS\COMPUTERGRAPHIC2\COMPUTERGRAPHIC2\DEBUG\COMPUTERGRAPHIC2.EXE.INTERMEDIATE.MANIFEST
C:\Users\Behrouz\Documents\Visual Studio 2010\Projects\ComputerGraphic2\ComputerGraphic2\Debug\ComputerGraphic2_manifest.rc
C:\USERS\BEHROUZ\DOCUMENTS\VISUAL STUDIO 2010\PROJECTS\COMPUTERGRAPHIC2\COMPUTERGRAPHIC2\DEBUG\DRAW.OBJ
C:\Users\Behrouz\Documents\Visual Studio 2010\Projects\ComputerGraphic2\ComputerGraphic2\Debug\link.236.read.1.tlog
C:\Users\Behrouz\Documents\Visual Studio 2010\Projects\ComputerGraphic2\ComputerGraphic2\Debug\link.236.write.1.tlog
C:\Users\Behrouz\Documents\Visual Studio 2010\Projects\ComputerGraphic2\ComputerGraphic2\Debug\link.236-cvtres.read.1.tlog
C:\Users\Behrouz\Documents\Visual Studio 2010\Projects\ComputerGraphic2\ComputerGraphic2\Debug\link.236-cvtres.write.1.tlog
C:\Users\Behrouz\Documents\Visual Studio 2010\Projects\ComputerGraphic2\ComputerGraphic2\Debug\link.2832.read.1.tlog
C:\Users\Behrouz\Documents\Visual Studio 2010\Projects\ComputerGraphic2\ComputerGraphic2\Debug\link.2832.write.1.tlog
C:\Users\Behrouz\Documents\Visual Studio 2010\Projects\ComputerGraphic2\ComputerGraphic2\Debug\link.2832-cvtres.read.1.tlog
C:\Users\Behrouz\Documents\Visual Studio 2010\Projects\ComputerGraphic2\ComputerGraphic2\Debug\link.2832-cvtres.write.1.tlog
C:\Users\Behrouz\Documents\Visual Studio 2010\Projects\ComputerGraphic2\ComputerGraphic2\Debug\link.3000.read.1.tlog
C:\Users\Behrouz\Documents\Visual Studio 2010\Projects\ComputerGraphic2\ComputerGraphic2\Debug\link.3000.write.1.tlog
C:\Users\Behrouz\Documents\Visual Studio 2010\Projects\ComputerGraphic2\ComputerGraphic2\Debug\link.3000-cvtres.read.1.tlog
C:\Users\Behrouz\Documents\Visual Studio 2010\Projects\ComputerGraphic2\ComputerGraphic2\Debug\link.3000-cvtres.write.1.tlog
C:\Users\Behrouz\Documents\Visual Studio 2010\Projects\ComputerGraphic2\ComputerGraphic2\Debug\link.4052.read.1.tlog
C:\Users\Behrouz\Documents\Visual Studio 2010\Projects\ComputerGraphic2\ComputerGraphic2\Debug\link.4052.write.1.tlog
C:\Users\Behrouz\Documents\Visual Studio 2010\Projects\ComputerGraphic2\ComputerGraphic2\Debug\link.4052-cvtres.read.1.tlog
C:\Users\Behrouz\Documents\Visual Studio 2010\Projects\ComputerGraphic2\ComputerGraphic2\Debug\link.4052-cvtres.write.1.tlog
C:\Users\Behrouz\Documents\Visual Studio 2010\Projects\ComputerGraphic2\ComputerGraphic2\Debug\link.4548.read.1.tlog
C:\Users\Behrouz\Documents\Visual Studio 2010\Projects\ComputerGraphic2\ComputerGraphic2\Debug\link.4548.write.1.tlog
C:\Users\Behrouz\Documents\Visual Studio 2010\Projects\ComputerGraphic2\ComputerGraphic2\Debug\link.4548-cvtres.read.1.tlog
C:\Users\Behrouz\Documents\Visual Studio 2010\Projects\ComputerGraphic2\ComputerGraphic2\Debug\link.4548-cvtres.write.1.tlog
C:\Users\Behrouz\Documents\Visual Studio 2010\Projects\ComputerGraphic2\ComputerGraphic2\Debug\link.4736.read.1.tlog
C:\Users\Behrouz\Documents\Visual Studio 2010\Projects\ComputerGraphic2\ComputerGraphic2\Debug\link.4736.write.1.tlog
C:\Users\Behrouz\Documents\Visual Studio 2010\Projects\ComputerGraphic2\ComputerGraphic2\Debug\link.4736-cvtres.read.1.tlog
C:\Users\Behrouz\Documents\Visual Studio 2010\Projects\ComputerGraphic2\ComputerGraphic2\Debug\link.4736-cvtres.write.1.tlog
C:\Users\Behrouz\Documents\Visual Studio 2010\Projects\ComputerGraphic2\ComputerGraphic2\Debug\link.5208.read.1.tlog
C:\Users\Behrouz\Documents\Visual Studio 2010\Projects\ComputerGraphic2\ComputerGraphic2\Debug\link.5208.write.1.tlog
C:\Users\Behrouz\Documents\Visual Studio 2010\Projects\ComputerGraphic2\ComputerGraphic2\Debug\link.5208-cvtres.read.1.tlog
C:\Users\Behrouz\Documents\Visual Studio 2010\Projects\ComputerGraphic2\ComputerGraphic2\Debug\link.5208-cvtres.write.1.tlog
C:\Users\Behrouz\Documents\Visual Studio 2010\Projects\ComputerGraphic2\ComputerGraphic2\Debug\link.5212.read.1.tlog
C:\Users\Behrouz\Documents\Visual Studio 2010\Projects\ComputerGraphic2\ComputerGraphic2\Debug\link.5212.write.1.tlog
C:\Users\Behrouz\Documents\Visual Studio 2010\Projects\ComputerGraphic2\ComputerGraphic2\Debug\link.5212-cvtres.read.1.tlog
C:\Users\Behrouz\Documents\Visual Studio 2010\Projects\ComputerGraphic2\ComputerGraphic2\Debug\link.5212-cvtres.write.1.tlog
C:\Users\Behrouz\Documents\Visual Studio 2010\Projects\ComputerGraphic2\ComputerGraphic2\Debug\link.5240.read.1.tlog
C:\Users\Behrouz\Documents\Visual Studio 2010\Projects\ComputerGraphic2\ComputerGraphic2\Debug\link.5240.write.1.tlog
C:\Users\Behrouz\Documents\Visual Studio 2010\Projects\ComputerGraphic2\ComputerGraphic2\Debug\link.5240-cvtres.read.1.tlog
C:\Users\Behrouz\Documents\Visual Studio 2010\Projects\ComputerGraphic2\ComputerGraphic2\Debug\link.5240-cvtres.write.1.tlog
C:\Users\Behrouz\Documents\Visual Studio 2010\Projects\ComputerGraphic2\ComputerGraphic2\Debug\link.5336.read.1.tlog
C:\Users\Behrouz\Documents\Visual Studio 2010\Projects\ComputerGraphic2\ComputerGraphic2\Debug\link.5336.write.1.tlog
C:\Users\Behrouz\Documents\Visual Studio 2010\Projects\ComputerGraphic2\ComputerGraphic2\Debug\link.5336-cvtres.read.1.tlog
C:\Users\Behrouz\Documents\Visual Studio 2010\Projects\ComputerGraphic2\ComputerGraphic2\Debug\link.5336-cvtres.write.1.tlog
C:\Users\Behrouz\Documents\Visual Studio 2010\Projects\ComputerGraphic2\ComputerGraphic2\Debug\link.5736.read.1.tlog
C:\Users\Behrouz\Documents\Visual Studio 2010\Projects\ComputerGraphic2\ComputerGraphic2\Debug\link.5736.write.1.tlog
C:\Users\Behrouz\Documents\Visual Studio 2010\Projects\ComputerGraphic2\ComputerGraphic2\Debug\link.5736-cvtres.read.1.tlog
C:\Users\Behrouz\Documents\Visual Studio 2010\Projects\ComputerGraphic2\ComputerGraphic2\Debug\link.5736-cvtres.write.1.tlog
C:\Users\Behrouz\Documents\Visual Studio 2010\Projects\ComputerGraphic2\ComputerGraphic2\Debug\link.5784.read.1.tlog
C:\Users\Behrouz\Documents\Visual Studio 2010\Projects\ComputerGraphic2\ComputerGraphic2\Debug\link.5784.write.1.tlog
C:\Users\Behrouz\Documents\Visual Studio 2010\Projects\ComputerGraphic2\ComputerGraphic2\Debug\link.5784-cvtres.read.1.tlog
C:\Users\Behrouz\Documents\Visual Studio 2010\Projects\ComputerGraphic2\ComputerGraphic2\Debug\link.5784-cvtres.write.1.tlog
C:\Users\Behrouz\Documents\Visual Studio 2010\Projects\ComputerGraphic2\ComputerGraphic2\Debug\link.5820.read.1.tlog
C:\Users\Behrouz\Documents\Visual Studio 2010\Projects\ComputerGraphic2\ComputerGraphic2\Debug\link.5820.write.1.tlog
C:\Users\Behrouz\Documents\Visual Studio 2010\Projects\ComputerGraphic2\ComputerGraphic2\Debug\link.5820-cvtres.read.1.tlog
C:\Users\Behrouz\Documents\Visual Studio 2010\Projects\ComputerGraphic2\ComputerGraphic2\Debug\link.5820-cvtres.write.1.tlog
C:\Users\Behrouz\Documents\Visual Studio 2010\Projects\ComputerGraphic2\ComputerGraphic2\Debug\link.5876.read.1.tlog
C:\Users\Behrouz\Documents\Visual Studio 2010\Projects\ComputerGraphic2\ComputerGraphic2\Debug\link.5876.write.1.tlog
C:\Users\Behrouz\Documents\Visual Studio 2010\Projects\ComputerGraphic2\ComputerGraphic2\Debug\link.5876-cvtres.read.1.tlog
C:\Users\Behrouz\Documents\Visual Studio 2010\Projects\ComputerGraphic2\ComputerGraphic2\Debug\link.5876-cvtres.write.1.tlog
C:\Users\Behrouz\Documents\Visual Studio 2010\Projects\ComputerGraphic2\ComputerGraphic2\Debug\link.5924.read.1.tlog
C:\Users\Behrouz\Documents\Visual Studio 2010\Projects\ComputerGraphic2\ComputerGraphic2\Debug\link.5924.write.1.tlog
C:\Users\Behrouz\Documents\Visual Studio 2010\Projects\ComputerGraphic2\ComputerGraphic2\Debug\link.5924-cvtres.read.1.tlog
C:\Users\Behrouz\Documents\Visual Studio 2010\Projects\ComputerGraphic2\ComputerGraphic2\Debug\link.5924-cvtres.write.1.tlog
C:\Users\Behrouz\Documents\Visual Studio 2010\Projects\ComputerGraphic2\ComputerGraphic2\Debug\link.6000.read.1.tlog
C:\Users\Behrouz\Documents\Visual Studio 2010\Projects\ComputerGraphic2\ComputerGraphic2\Debug\link.6000.write.1.tlog
C:\Users\Behrouz\Documents\Visual Studio 2010\Projects\ComputerGraphic2\ComputerGraphic2\Debug\link.6000-cvtres.read.1.tlog
C:\Users\Behrouz\Documents\Visual Studio 2010\Projects\ComputerGraphic2\ComputerGraphic2\Debug\link.6000-cvtres.write.1.tlog
C:\Users\Behrouz\Documents\Visual Studio 2010\Projects\ComputerGraphic2\ComputerGraphic2\Debug\link.6120.read.1.tlog
C:\Users\Behrouz\Documents\Visual Studio 2010\Projects\ComputerGraphic2\ComputerGraphic2\Debug\link.6120.write.1.tlog
C:\Users\Behrouz\Documents\Visual Studio 2010\Projects\ComputerGraphic2\ComputerGraphic2\Debug\link.6120-cvtres.read.1.tlog
C:\Users\Behrouz\Documents\Visual Studio 2010\Projects\ComputerGraphic2\ComputerGraphic2\Debug\link.6120-cvtres.write.1.tlog
C:\Users\Behrouz\Documents\Visual Studio 2010\Projects\ComputerGraphic2\ComputerGraphic2\Debug\link.7264.read.1.tlog
C:\Users\Behrouz\Documents\Visual Studio 2010\Projects\ComputerGraphic2\ComputerGraphic2\Debug\link.7264.write.1.tlog
C:\Users\Behrouz\Documents\Visual Studio 2010\Projects\ComputerGraphic2\ComputerGraphic2\Debug\link.7264-cvtres.read.1.tlog
C:\Users\Behrouz\Documents\Visual Studio 2010\Projects\ComputerGraphic2\ComputerGraphic2\Debug\link.7264-cvtres.write.1.tlog
C:\Users\Behrouz\Documents\Visual Studio 2010\Projects\ComputerGraphic2\ComputerGraphic2\Debug\link.7988.read.1.tlog
C:\Users\Behrouz\Documents\Visual Studio 2010\Projects\ComputerGraphic2\ComputerGraphic2\Debug\link.7988.write.1.tlog
C:\Users\Behrouz\Documents\Visual Studio 2010\Projects\ComputerGraphic2\ComputerGraphic2\Debug\link.7988-cvtres.read.1.tlog
C:\Users\Behrouz\Documents\Visual Studio 2010\Projects\ComputerGraphic2\ComputerGraphic2\Debug\link.7988-cvtres.write.1.tlog
C:\Users\Behrouz\Documents\Visual Studio 2010\Projects\ComputerGraphic2\ComputerGraphic2\Debug\link.8096.read.1.tlog
C:\Users\Behrouz\Documents\Visual Studio 2010\Projects\ComputerGraphic2\ComputerGraphic2\Debug\link.8096.write.1.tlog
C:\Users\Behrouz\Documents\Visual Studio 2010\Projects\ComputerGraphic2\ComputerGraphic2\Debug\link.8096-cvtres.read.1.tlog
C:\Users\Behrouz\Documents\Visual Studio 2010\Projects\ComputerGraphic2\ComputerGraphic2\Debug\link.8096-cvtres.write.1.tlog
C:\Users\Behrouz\Documents\Visual Studio 2010\Projects\ComputerGraphic2\ComputerGraphic2\Debug\link.972.read.1.tlog
C:\Users\Behrouz\Documents\Visual Studio 2010\Projects\ComputerGraphic2\ComputerGraphic2\Debug\link.972.write.1.tlog
C:\Users\Behrouz\Documents\Visual Studio 2010\Projects\ComputerGraphic2\ComputerGraphic2\Debug\link.972-cvtres.read.1.tlog
C:\Users\Behrouz\Documents\Visual Studio 2010\Projects\ComputerGraphic2\ComputerGraphic2\Debug\link.972-cvtres.write.1.tlog
C:\Users\Behrouz\Documents\Visual Studio 2010\Projects\ComputerGraphic2\ComputerGraphic2\Debug\link.command.1.tlog
C:\Users\Behrouz\Documents\Visual Studio 2010\Projects\ComputerGraphic2\ComputerGraphic2\Debug\link.read.1.tlog
C:\Users\Behrouz\Documents\Visual Studio 2010\Projects\ComputerGraphic2\ComputerGraphic2\Debug\link.write.1.tlog
C:\Users\Behrouz\Documents\Visual Studio 2010\Projects\ComputerGraphic2\ComputerGraphic2\Debug\link-cvtres.read.1.tlog
C:\Users\Behrouz\Documents\Visual Studio 2010\Projects\ComputerGraphic2\ComputerGraphic2\Debug\link-cvtres.write.1.tlog
C:\Users\Behrouz\Documents\Visual Studio 2010\Projects\ComputerGraphic2\ComputerGraphic2\Debug\mt.command.1.tlog
C:\Users\Behrouz\Documents\Visual Studio 2010\Projects\ComputerGraphic2\ComputerGraphic2\Debug\mt.read.1.tlog
C:\Users\Behrouz\Documents\Visual Studio 2010\Projects\ComputerGraphic2\ComputerGraphic2\Debug\mt.write.1.tlog
C:\Users\Behrouz\Documents\Visual Studio 2010\Projects\ComputerGraphic2\ComputerGraphic2\Debug\rc.command.1.tlog
C:\Users\Behrouz\Documents\Visual Studio 2010\Projects\ComputerGraphic2\ComputerGraphic2\Debug\rc.read.1.tlog
C:\Users\Behrouz\Documents\Visual Studio 2010\Projects\ComputerGraphic2\ComputerGraphic2\Debug\rc.write.1.tlog
C:\USERS\BEHROUZ\DOCUMENTS\VISUAL STUDIO 2010\PROJECTS\COMPUTERGRAPHIC2\COMPUTERGRAPHIC2\DEBUG\SATELLITE.OBJ
C:\USERS\BEHROUZ\DOCUMENTS\VISUAL STUDIO 2010\PROJECTS\COMPUTERGRAPHIC2\COMPUTERGRAPHIC2\DEBUG\SATELLITEPARTS.OBJ
C:\USERS\BEHROUZ\DOCUMENTS\VISUAL STUDIO 2010\PROJECTS\COMPUTERGRAPHIC2\COMPUTERGRAPHIC2\DEBUG\SPACE.OBJ
C:\USERS\BEHROUZ\DOCUMENTS\VISUAL STUDIO 2010\PROJECTS\COMPUTERGRAPHIC2\COMPUTERGRAPHIC2\DEBUG\TEXTURE.OBJ
C:\Users\Behrouz\Documents\Visual Studio 2010\Projects\ComputerGraphic2\ComputerGraphic2\Debug\vc100.idb
C:\USERS\BEHROUZ\DOCUMENTS\VISUAL STUDIO 2010\PROJECTS\COMPUTERGRAPHIC2\COMPUTERGRAPHIC2\DEBUG\VC100.PDB
C:\USERS\BEHROUZ\DOCUMENTS\VISUAL STUDIO 2010\PROJECTS\COMPUTERGRAPHIC2\DEBUG\COMPUTERGRAPHIC2.EXE
C:\USERS\BEHROUZ\DOCUMENTS\VISUAL STUDIO 2010\PROJECTS\COMPUTERGRAPHIC2\DEBUG\COMPUTERGRAPHIC2.ILK
C:\USERS\BEHROUZ\DOCUMENTS\VISUAL STUDIO 2010\PROJECTS\COMPUTERGRAPHIC2\DEBUG\COMPUTERGRAPHIC2.PDB
